<?xml version="1.0" encoding="UTF-8"?>
<testng-results skipped="0" failed="0" total="2" passed="2">
  <reporter-output>
  </reporter-output>
  <suite name="Suite1" duration-ms="28" started-at="2016-05-30T12:54:56Z" finished-at="2016-05-30T12:54:56Z">
    <groups>
    </groups>
    <test name="testing_first_file" duration-ms="28" started-at="2016-05-30T12:54:56Z" finished-at="2016-05-30T12:54:56Z">
      <class name="samplepackage.SampleClass">
        <test-method status="PASS" signature="beforeSuite()[pri:0, instance:samplepackage.SampleClass@3995638a]" name="beforeSuite" is-config="true" duration-ms="9" started-at="2016-05-30T18:24:56Z" finished-at="2016-05-30T18:24:56Z">
          <reporter-output>
          </reporter-output>
        </test-method> <!-- beforeSuite -->
        <test-method status="PASS" signature="beforeTest()[pri:0, instance:samplepackage.SampleClass@3995638a]" name="beforeTest" is-config="true" duration-ms="0" started-at="2016-05-30T18:24:56Z" finished-at="2016-05-30T18:24:56Z">
          <reporter-output>
          </reporter-output>
        </test-method> <!-- beforeTest -->
        <test-method status="PASS" signature="beforeClass()[pri:0, instance:samplepackage.SampleClass@3995638a]" name="beforeClass" is-config="true" duration-ms="0" started-at="2016-05-30T18:24:56Z" finished-at="2016-05-30T18:24:56Z">
          <reporter-output>
          </reporter-output>
        </test-method> <!-- beforeClass -->
        <test-method status="PASS" signature="beforeMethod()[pri:0, instance:samplepackage.SampleClass@3995638a]" name="beforeMethod" is-config="true" duration-ms="1" started-at="2016-05-30T18:24:56Z" finished-at="2016-05-30T18:24:56Z">
          <reporter-output>
          </reporter-output>
        </test-method> <!-- beforeMethod -->
        <test-method status="PASS" signature="testCase1()[pri:0, instance:samplepackage.SampleClass@3995638a]" name="testCase1" duration-ms="8" started-at="2016-05-30T18:24:56Z" finished-at="2016-05-30T18:24:56Z">
          <reporter-output>
          </reporter-output>
        </test-method> <!-- testCase1 -->
        <test-method status="PASS" signature="afterMethod()[pri:0, instance:samplepackage.SampleClass@3995638a]" name="afterMethod" is-config="true" duration-ms="0" started-at="2016-05-30T18:24:56Z" finished-at="2016-05-30T18:24:56Z">
          <reporter-output>
          </reporter-output>
        </test-method> <!-- afterMethod -->
        <test-method status="PASS" signature="testCase2()[pri:0, instance:samplepackage.SampleClass@3995638a]" name="testCase2" duration-ms="0" started-at="2016-05-30T18:24:56Z" finished-at="2016-05-30T18:24:56Z">
          <reporter-output>
          </reporter-output>
        </test-method> <!-- testCase2 -->
        <test-method status="PASS" signature="beforeMethod()[pri:0, instance:samplepackage.SampleClass@3995638a]" name="beforeMethod" is-config="true" duration-ms="0" started-at="2016-05-30T18:24:56Z" finished-at="2016-05-30T18:24:56Z">
          <reporter-output>
          </reporter-output>
        </test-method> <!-- beforeMethod -->
        <test-method status="PASS" signature="afterMethod()[pri:0, instance:samplepackage.SampleClass@3995638a]" name="afterMethod" is-config="true" duration-ms="0" started-at="2016-05-30T18:24:56Z" finished-at="2016-05-30T18:24:56Z">
          <reporter-output>
          </reporter-output>
        </test-method> <!-- afterMethod -->
        <test-method status="PASS" signature="afterClass()[pri:0, instance:samplepackage.SampleClass@3995638a]" name="afterClass" is-config="true" duration-ms="0" started-at="2016-05-30T18:24:56Z" finished-at="2016-05-30T18:24:56Z">
          <reporter-output>
          </reporter-output>
        </test-method> <!-- afterClass -->
        <test-method status="PASS" signature="afterTest()[pri:0, instance:samplepackage.SampleClass@3995638a]" name="afterTest" is-config="true" duration-ms="0" started-at="2016-05-30T18:24:56Z" finished-at="2016-05-30T18:24:56Z">
          <reporter-output>
          </reporter-output>
        </test-method> <!-- afterTest -->
        <test-method status="PASS" signature="afterSuite()[pri:0, instance:samplepackage.SampleClass@3995638a]" name="afterSuite" is-config="true" duration-ms="0" started-at="2016-05-30T18:24:56Z" finished-at="2016-05-30T18:24:56Z">
          <reporter-output>
          </reporter-output>
        </test-method> <!-- afterSuite -->
      </class> <!-- samplepackage.SampleClass -->
    </test> <!-- testing_first_file -->
  </suite> <!-- Suite1 -->
</testng-results>
